<?xml version="1.0" encoding="UTF-8"?>
<!-- Generated by org.testng.reporters.JUnitXMLReporter -->
<testsuite hostname="NDI-LAP-715" ignored="0" name="Default test" tests="1" failures="0" timestamp="28 Apr 2018 09:26:40 GMT" time="0.026" errors="0">
  <testcase name="@BeforeSuite setUp" time="0.131" classname="architect.batch2.api.setup.TestSetUp">
    <failure type="java.lang.IllegalArgumentException" message="InputStream cannot be null">
      <![CDATA[java.lang.IllegalArgumentException: InputStream cannot be null
	at javax.xml.parsers.DocumentBuilder.parse(Unknown Source)
	at com.aventstack.extentreports.configuration.ConfigLoader.getConfigurationHash(ConfigLoader.java:64)
	at com.aventstack.extentreports.reporter.AbstractReporter.loadXMLConfig(AbstractReporter.java:64)
	at com.aventstack.extentreports.reporter.AbstractReporter.loadXMLConfig(AbstractReporter.java:60)
	at architect.batch2.api.TestUtils.ExtentManager.getHtmlReporter(ExtentManager.java:37)
	at architect.batch2.api.TestUtils.ExtentManager.GetExtent(ExtentManager.java:20)
	at architect.batch2.api.setup.TestSetUp.setUp(TestSetUp.java:38)
	at sun.reflect.NativeMethodAccessorImpl.invoke0(Native Method)
	at sun.reflect.NativeMethodAccessorImpl.invoke(Unknown Source)
	at sun.reflect.DelegatingMethodAccessorImpl.invoke(Unknown Source)
	at java.lang.reflect.Method.invoke(Unknown Source)
	at org.testng.internal.MethodInvocationHelper.invokeMethod(MethodInvocationHelper.java:108)
	at org.testng.internal.Invoker.invokeConfigurationMethod(Invoker.java:523)
	at org.testng.internal.Invoker.invokeConfigurations(Invoker.java:224)
	at org.testng.internal.Invoker.invokeConfigurations(Invoker.java:146)
	at org.testng.SuiteRunner.privateRun(SuiteRunner.java:326)
	at org.testng.SuiteRunner.run(SuiteRunner.java:289)
	at org.testng.SuiteRunnerWorker.runSuite(SuiteRunnerWorker.java:52)
	at org.testng.SuiteRunnerWorker.run(SuiteRunnerWorker.java:86)
	at org.testng.TestNG.runSuitesSequentially(TestNG.java:1301)
	at org.testng.TestNG.runSuitesLocally(TestNG.java:1226)
	at org.testng.TestNG.runSuites(TestNG.java:1144)
	at org.testng.TestNG.run(TestNG.java:1115)
	at org.testng.remote.AbstractRemoteTestNG.run(AbstractRemoteTestNG.java:132)
	at org.testng.remote.RemoteTestNG.initAndRun(RemoteTestNG.java:230)
	at org.testng.remote.RemoteTestNG.main(RemoteTestNG.java:76)
]]>
    </failure>
  </testcase> <!-- @BeforeSuite setUp -->
  <testcase name="@BeforeSuite configure" time="0.0" classname="architect.batch2.api.setup.RestAssuredSetUp">
    <skipped/>
  </testcase> <!-- @BeforeSuite configure -->
  <testcase name="@BeforeClass beforeClass" time="0.0" classname="architect.batch2.api.setup.TestSetUp">
    <skipped/>
  </testcase> <!-- @BeforeClass beforeClass -->
  <testcase name="verifyGetUserAPI" time="0.0" classname="architect.batch2.api.testCases.VerifyGetUserAPI">
    <skipped/>
  </testcase> <!-- verifyGetUserAPI -->
</testsuite> <!-- Default test -->
